e:\mfcapplication3\mfcapplication3\debug\vc120.pdb
e:\mfcapplication3\mfcapplication3\debug\vc120.idb
e:\mfcapplication3\mfcapplication3\debug\polygon.obj
f:\dml\github\软件工程实习\多边形叠加分析\mfcapplication3\mfcapplication3\debug\vc140.pdb
f:\dml\github\polygonoverlayanalysis\mfcapplication3\mfcapplication3\debug\mfcapplication3.pch
f:\dml\github\polygonoverlayanalysis\mfcapplication3\mfcapplication3\debug\vc140.pdb
f:\dml\github\polygonoverlayanalysis\mfcapplication3\mfcapplication3\debug\vc140.idb
f:\dml\github\polygonoverlayanalysis\mfcapplication3\mfcapplication3\debug\stdafx.obj
f:\dml\github\polygonoverlayanalysis\mfcapplication3\mfcapplication3\debug\mainfrm.obj
f:\dml\github\polygonoverlayanalysis\mfcapplication3\mfcapplication3\debug\mfcapplication3.obj
f:\dml\github\polygonoverlayanalysis\mfcapplication3\mfcapplication3\debug\mfcapplication3doc.obj
f:\dml\github\polygonoverlayanalysis\mfcapplication3\mfcapplication3\debug\mfcapplication3view.obj
e:\mfcapplication3\mfcapplication3\debug\mfcapplication3.ilk
e:\mfcapplication3\mfcapplication3\debug\mfcapplication3.exe
e:\mfcapplication3\mfcapplication3\debug\mfcapplication3.pdb
f:\dml\github\软件工程实习\多边形叠加分析\mfcapplication3\mfcapplication3\debug\mfcapplication3.ilk
f:\dml\github\软件工程实习\多边形叠加分析\mfcapplication3\mfcapplication3\debug\mfcapplication3.exe
f:\dml\github\软件工程实习\多边形叠加分析\mfcapplication3\mfcapplication3\debug\mfcapplication3.pdb
f:\dml\github\polygonoverlayanalysis\mfcapplication3\mfcapplication3\debug\mfcapplication3.ilk
f:\dml\github\polygonoverlayanalysis\mfcapplication3\mfcapplication3\debug\mfcapplication3.exe
f:\dml\github\polygonoverlayanalysis\mfcapplication3\mfcapplication3\debug\mfcapplication3.pdb
f:\dml\github\polygonoverlayanalysis\mfcapplication3\mfcapplication3\debug\mfcapplication3.res
f:\dml\github\polygonoverlayanalysis\mfcapplication3\mfcapplication3\debug\polygon.obj
f:\dml\github\polygonoverlayanalysis\mfcapplication3\mfcapplication3\debug\vc120.idb
f:\dml\github\polygonoverlayanalysis\mfcapplication3\mfcapplication3\debug\vc120.pdb
f:\dml\github\polygonoverlayanalysis\mfcapplication3\mfcapplication3\debug\mfcapplication3.tlog\cl.command.1.tlog
f:\dml\github\polygonoverlayanalysis\mfcapplication3\mfcapplication3\debug\mfcapplication3.tlog\cl.read.1.tlog
f:\dml\github\polygonoverlayanalysis\mfcapplication3\mfcapplication3\debug\mfcapplication3.tlog\cl.write.1.tlog
f:\dml\github\polygonoverlayanalysis\mfcapplication3\mfcapplication3\debug\mfcapplication3.tlog\link.command.1.tlog
f:\dml\github\polygonoverlayanalysis\mfcapplication3\mfcapplication3\debug\mfcapplication3.tlog\link.read.1.tlog
f:\dml\github\polygonoverlayanalysis\mfcapplication3\mfcapplication3\debug\mfcapplication3.tlog\link.write.1.tlog
f:\dml\github\polygonoverlayanalysis\mfcapplication3\mfcapplication3\debug\mfcapplication3.tlog\rc.command.1.tlog
f:\dml\github\polygonoverlayanalysis\mfcapplication3\mfcapplication3\debug\mfcapplication3.tlog\rc.read.1.tlog
f:\dml\github\polygonoverlayanalysis\mfcapplication3\mfcapplication3\debug\mfcapplication3.tlog\rc.write.1.tlog
